D:\STEAMLIBRARY\STEAMAPPS\COMMON\QUAKE 2\MOD\SRC\RELEASE\M_BERSERK.OBJ
D:\STEAMLIBRARY\STEAMAPPS\COMMON\QUAKE 2\MOD\SRC\RELEASE\M_ACTOR.OBJ
D:\STEAMLIBRARY\STEAMAPPS\COMMON\QUAKE 2\MOD\SRC\RELEASE\G_WEAPON.OBJ
D:\STEAMLIBRARY\STEAMAPPS\COMMON\QUAKE 2\MOD\SRC\RELEASE\G_UTILS.OBJ
D:\STEAMLIBRARY\STEAMAPPS\COMMON\QUAKE 2\MOD\SRC\RELEASE\G_TURRET.OBJ
D:\STEAMLIBRARY\STEAMAPPS\COMMON\QUAKE 2\MOD\SRC\RELEASE\G_TRIGGER.OBJ
D:\STEAMLIBRARY\STEAMAPPS\COMMON\QUAKE 2\MOD\SRC\RELEASE\G_TARGET.OBJ
D:\STEAMLIBRARY\STEAMAPPS\COMMON\QUAKE 2\MOD\SRC\RELEASE\G_SVCMDS.OBJ
D:\STEAMLIBRARY\STEAMAPPS\COMMON\QUAKE 2\MOD\SRC\RELEASE\G_SPAWN.OBJ
D:\STEAMLIBRARY\STEAMAPPS\COMMON\QUAKE 2\MOD\SRC\RELEASE\G_SAVE.OBJ
D:\STEAMLIBRARY\STEAMAPPS\COMMON\QUAKE 2\MOD\SRC\RELEASE\G_PHYS.OBJ
D:\STEAMLIBRARY\STEAMAPPS\COMMON\QUAKE 2\MOD\SRC\RELEASE\G_MONSTER.OBJ
D:\STEAMLIBRARY\STEAMAPPS\COMMON\QUAKE 2\MOD\SRC\RELEASE\G_MISC.OBJ
D:\STEAMLIBRARY\STEAMAPPS\COMMON\QUAKE 2\MOD\SRC\RELEASE\G_MAIN.OBJ
D:\STEAMLIBRARY\STEAMAPPS\COMMON\QUAKE 2\MOD\SRC\RELEASE\G_ITEMS.OBJ
D:\STEAMLIBRARY\STEAMAPPS\COMMON\QUAKE 2\MOD\SRC\RELEASE\G_FUNC.OBJ
D:\STEAMLIBRARY\STEAMAPPS\COMMON\QUAKE 2\MOD\SRC\RELEASE\G_COMBAT.OBJ
D:\STEAMLIBRARY\STEAMAPPS\COMMON\QUAKE 2\MOD\SRC\RELEASE\G_CMDS.OBJ
D:\STEAMLIBRARY\STEAMAPPS\COMMON\QUAKE 2\MOD\SRC\RELEASE\G_CHASE.OBJ
D:\STEAMLIBRARY\STEAMAPPS\COMMON\QUAKE 2\MOD\SRC\RELEASE\G_AI.OBJ
D:\STEAMLIBRARY\STEAMAPPS\COMMON\QUAKE 2\MOD\SRC\RELEASE\M_SOLDIER.OBJ
D:\STEAMLIBRARY\STEAMAPPS\COMMON\QUAKE 2\MOD\SRC\RELEASE\M_PARASITE.OBJ
D:\STEAMLIBRARY\STEAMAPPS\COMMON\QUAKE 2\MOD\SRC\RELEASE\M_MUTANT.OBJ
D:\STEAMLIBRARY\STEAMAPPS\COMMON\QUAKE 2\MOD\SRC\RELEASE\M_MOVE.OBJ
D:\STEAMLIBRARY\STEAMAPPS\COMMON\QUAKE 2\MOD\SRC\RELEASE\M_MEDIC.OBJ
D:\STEAMLIBRARY\STEAMAPPS\COMMON\QUAKE 2\MOD\SRC\RELEASE\M_INSANE.OBJ
D:\STEAMLIBRARY\STEAMAPPS\COMMON\QUAKE 2\MOD\SRC\RELEASE\M_INFANTRY.OBJ
D:\STEAMLIBRARY\STEAMAPPS\COMMON\QUAKE 2\MOD\SRC\RELEASE\M_HOVER.OBJ
D:\STEAMLIBRARY\STEAMAPPS\COMMON\QUAKE 2\MOD\SRC\RELEASE\M_GUNNER.OBJ
D:\STEAMLIBRARY\STEAMAPPS\COMMON\QUAKE 2\MOD\SRC\RELEASE\M_GLADIATOR.OBJ
D:\STEAMLIBRARY\STEAMAPPS\COMMON\QUAKE 2\MOD\SRC\RELEASE\M_FLYER.OBJ
D:\STEAMLIBRARY\STEAMAPPS\COMMON\QUAKE 2\MOD\SRC\RELEASE\M_FLOAT.OBJ
D:\STEAMLIBRARY\STEAMAPPS\COMMON\QUAKE 2\MOD\SRC\RELEASE\M_FLIPPER.OBJ
D:\STEAMLIBRARY\STEAMAPPS\COMMON\QUAKE 2\MOD\SRC\RELEASE\M_FLASH.OBJ
D:\STEAMLIBRARY\STEAMAPPS\COMMON\QUAKE 2\MOD\SRC\RELEASE\M_CHICK.OBJ
D:\STEAMLIBRARY\STEAMAPPS\COMMON\QUAKE 2\MOD\SRC\RELEASE\M_BRAIN.OBJ
D:\STEAMLIBRARY\STEAMAPPS\COMMON\QUAKE 2\MOD\SRC\RELEASE\M_BOSS32.OBJ
D:\STEAMLIBRARY\STEAMAPPS\COMMON\QUAKE 2\MOD\SRC\RELEASE\M_BOSS31.OBJ
D:\STEAMLIBRARY\STEAMAPPS\COMMON\QUAKE 2\MOD\SRC\RELEASE\M_BOSS3.OBJ
D:\STEAMLIBRARY\STEAMAPPS\COMMON\QUAKE 2\MOD\SRC\RELEASE\M_BOSS2.OBJ
D:\STEAMLIBRARY\STEAMAPPS\COMMON\QUAKE 2\MOD\SRC\RELEASE\Q_SHARED.OBJ
D:\STEAMLIBRARY\STEAMAPPS\COMMON\QUAKE 2\MOD\SRC\RELEASE\P_WEAPON.OBJ
D:\STEAMLIBRARY\STEAMAPPS\COMMON\QUAKE 2\MOD\SRC\RELEASE\P_VIEW.OBJ
D:\STEAMLIBRARY\STEAMAPPS\COMMON\QUAKE 2\MOD\SRC\RELEASE\P_TRAIL.OBJ
D:\STEAMLIBRARY\STEAMAPPS\COMMON\QUAKE 2\MOD\SRC\RELEASE\P_HUD.OBJ
D:\STEAMLIBRARY\STEAMAPPS\COMMON\QUAKE 2\MOD\SRC\RELEASE\P_CLIENT.OBJ
D:\STEAMLIBRARY\STEAMAPPS\COMMON\QUAKE 2\MOD\SRC\RELEASE\M_TANK.OBJ
D:\STEAMLIBRARY\STEAMAPPS\COMMON\QUAKE 2\MOD\SRC\RELEASE\M_SUPERTANK.OBJ
D:\SteamLibrary\steamapps\common\Quake 2\mod\release\gamex86.lib
D:\SteamLibrary\steamapps\common\Quake 2\mod\release\gamex86.exp
D:\STEAMLIBRARY\STEAMAPPS\COMMON\QUAKE 2\BASEQ2\GAMEX86.DLL
D:\SteamLibrary\steamapps\common\Quake 2\mod\src\release\g_ai.obj
D:\SteamLibrary\steamapps\common\Quake 2\mod\src\release\g_chase.obj
D:\SteamLibrary\steamapps\common\Quake 2\mod\src\release\g_cmds.obj
D:\SteamLibrary\steamapps\common\Quake 2\mod\src\release\g_combat.obj
D:\SteamLibrary\steamapps\common\Quake 2\mod\src\release\g_func.obj
D:\SteamLibrary\steamapps\common\Quake 2\mod\src\release\g_items.obj
D:\SteamLibrary\steamapps\common\Quake 2\mod\src\release\g_main.obj
D:\SteamLibrary\steamapps\common\Quake 2\mod\src\release\g_misc.obj
D:\SteamLibrary\steamapps\common\Quake 2\mod\src\release\g_monster.obj
D:\SteamLibrary\steamapps\common\Quake 2\mod\src\release\g_phys.obj
D:\SteamLibrary\steamapps\common\Quake 2\mod\src\release\g_save.obj
D:\SteamLibrary\steamapps\common\Quake 2\mod\src\release\g_spawn.obj
D:\SteamLibrary\steamapps\common\Quake 2\mod\src\release\g_svcmds.obj
D:\SteamLibrary\steamapps\common\Quake 2\mod\src\release\g_target.obj
D:\SteamLibrary\steamapps\common\Quake 2\mod\src\release\g_trigger.obj
D:\SteamLibrary\steamapps\common\Quake 2\mod\src\release\g_turret.obj
D:\SteamLibrary\steamapps\common\Quake 2\mod\src\release\g_utils.obj
D:\SteamLibrary\steamapps\common\Quake 2\mod\src\release\g_weapon.obj
D:\SteamLibrary\steamapps\common\Quake 2\mod\src\release\m_actor.obj
D:\SteamLibrary\steamapps\common\Quake 2\mod\src\release\m_berserk.obj
D:\SteamLibrary\steamapps\common\Quake 2\mod\src\release\m_boss2.obj
D:\SteamLibrary\steamapps\common\Quake 2\mod\src\release\m_boss3.obj
D:\SteamLibrary\steamapps\common\Quake 2\mod\src\release\m_boss31.obj
D:\SteamLibrary\steamapps\common\Quake 2\mod\src\release\m_boss32.obj
D:\SteamLibrary\steamapps\common\Quake 2\mod\src\release\m_brain.obj
D:\SteamLibrary\steamapps\common\Quake 2\mod\src\release\m_chick.obj
D:\SteamLibrary\steamapps\common\Quake 2\mod\src\release\m_flash.obj
D:\SteamLibrary\steamapps\common\Quake 2\mod\src\release\m_flipper.obj
D:\SteamLibrary\steamapps\common\Quake 2\mod\src\release\m_float.obj
D:\SteamLibrary\steamapps\common\Quake 2\mod\src\release\m_flyer.obj
D:\SteamLibrary\steamapps\common\Quake 2\mod\src\release\m_gladiator.obj
D:\SteamLibrary\steamapps\common\Quake 2\mod\src\release\m_gunner.obj
D:\SteamLibrary\steamapps\common\Quake 2\mod\src\release\m_hover.obj
D:\SteamLibrary\steamapps\common\Quake 2\mod\src\release\m_infantry.obj
D:\SteamLibrary\steamapps\common\Quake 2\mod\src\release\m_insane.obj
D:\SteamLibrary\steamapps\common\Quake 2\mod\src\release\m_medic.obj
D:\SteamLibrary\steamapps\common\Quake 2\mod\src\release\m_move.obj
D:\SteamLibrary\steamapps\common\Quake 2\mod\src\release\m_mutant.obj
D:\SteamLibrary\steamapps\common\Quake 2\mod\src\release\m_parasite.obj
D:\SteamLibrary\steamapps\common\Quake 2\mod\src\release\m_soldier.obj
D:\SteamLibrary\steamapps\common\Quake 2\mod\src\release\m_supertank.obj
D:\SteamLibrary\steamapps\common\Quake 2\mod\src\release\m_tank.obj
D:\SteamLibrary\steamapps\common\Quake 2\mod\src\release\p_client.obj
D:\SteamLibrary\steamapps\common\Quake 2\mod\src\release\p_hud.obj
D:\SteamLibrary\steamapps\common\Quake 2\mod\src\release\p_trail.obj
D:\SteamLibrary\steamapps\common\Quake 2\mod\src\release\p_view.obj
D:\SteamLibrary\steamapps\common\Quake 2\mod\src\release\p_weapon.obj
D:\SteamLibrary\steamapps\common\Quake 2\mod\src\release\q_shared.obj
D:\SteamLibrary\steamapps\common\Quake 2\mod\src\release\cl.command.1.tlog
D:\SteamLibrary\steamapps\common\Quake 2\mod\src\release\CL.read.1.tlog
D:\SteamLibrary\steamapps\common\Quake 2\mod\src\release\CL.write.1.tlog
D:\SteamLibrary\steamapps\common\Quake 2\mod\src\release\game.write.1.tlog
D:\SteamLibrary\steamapps\common\Quake 2\mod\src\release\link-cvtres.read.1.tlog
D:\SteamLibrary\steamapps\common\Quake 2\mod\src\release\link-cvtres.write.1.tlog
D:\SteamLibrary\steamapps\common\Quake 2\mod\src\release\link-rc.read.1.tlog
D:\SteamLibrary\steamapps\common\Quake 2\mod\src\release\link-rc.write.1.tlog
D:\SteamLibrary\steamapps\common\Quake 2\mod\src\release\link.command.1.tlog
D:\SteamLibrary\steamapps\common\Quake 2\mod\src\release\link.read.1.tlog
D:\SteamLibrary\steamapps\common\Quake 2\mod\src\release\link.write.1.tlog
D:\SteamLibrary\steamapps\common\Quake 2\mod\src\..\..\baseq2\gamex86.dll
